{"level":"error","message":"Failed to reach URL https://non-existent-url.com: Network Error","service":"url-checker-service","timestamp":"2024-08-16T03:48:52.692Z"}
{"level":"error","message":"Failed to reach URL https://does-not-work.perfume.new: getaddrinfo ENOTFOUND does-not-work.perfume.new","service":"url-checker-service","timestamp":"2024-08-16T04:02:31.717Z"}
{"level":"error","message":"Failed to reach URL https://doesnt-work.github.com: Request failed with status code 404","service":"url-checker-service","timestamp":"2024-08-16T04:02:32.118Z"}
{"level":"error","message":"Failed to reach URL https://offline.scentronix.com: Hostname/IP does not match certificate's altnames: Host: offline.scentronix.com. is not in the cert's altnames: DNS:*.netlify.app, DNS:netlify.app","service":"url-checker-service","timestamp":"2024-08-16T04:02:32.694Z"}
{"level":"error","message":"Failed to reach URL http://app.scnt.me: timeout of 5000ms exceeded","service":"url-checker-service","timestamp":"2024-08-16T04:02:36.394Z"}
{"level":"error","message":"500 - Cannot set headers after they are sent to the client - /api/urls/reachable - POST - ::1","service":"url-checker-service","timestamp":"2024-08-16T04:02:36.396Z"}
{"level":"error","message":"Failed to reach URL https://does-not-work.perfume.new: getaddrinfo ENOTFOUND does-not-work.perfume.new","service":"url-checker-service","timestamp":"2024-08-16T04:03:21.811Z"}
{"level":"error","message":"Failed to reach URL https://doesnt-work.github.com: Request failed with status code 404","service":"url-checker-service","timestamp":"2024-08-16T04:03:21.995Z"}
{"level":"error","message":"Failed to reach URL https://offline.scentronix.com: Hostname/IP does not match certificate's altnames: Host: offline.scentronix.com. is not in the cert's altnames: DNS:*.netlify.app, DNS:netlify.app","service":"url-checker-service","timestamp":"2024-08-16T04:03:22.128Z"}
{"level":"error","message":"Failed to reach URL https://does-not-work.perfume.new: getaddrinfo ENOTFOUND does-not-work.perfume.new","service":"url-checker-service","timestamp":"2024-08-16T04:05:12.924Z"}
{"level":"error","message":"Failed to reach URL https://gitlab.com: timeout of 50ms exceeded","service":"url-checker-service","timestamp":"2024-08-16T04:05:12.955Z"}
{"level":"error","message":"Failed to reach URL https://github.com: timeout of 50ms exceeded","service":"url-checker-service","timestamp":"2024-08-16T04:05:12.956Z"}
{"level":"error","message":"Failed to reach URL https://doesnt-work.github.com: timeout of 50ms exceeded","service":"url-checker-service","timestamp":"2024-08-16T04:05:12.956Z"}
{"level":"error","message":"Failed to reach URL http://app.scnt.me: timeout of 50ms exceeded","service":"url-checker-service","timestamp":"2024-08-16T04:05:12.957Z"}
{"level":"error","message":"Failed to reach URL https://offline.scentronix.com: timeout of 50ms exceeded","service":"url-checker-service","timestamp":"2024-08-16T04:05:12.957Z"}
{"level":"error","message":"Failed to reach URL https://does-not-work.perfume.new: getaddrinfo ENOTFOUND does-not-work.perfume.new","service":"url-checker-service","timestamp":"2024-08-16T04:07:42.114Z"}
{"level":"error","message":"Failed to reach URL https://doesnt-work.github.com: Request failed with status code 404","service":"url-checker-service","timestamp":"2024-08-16T04:07:42.355Z"}
{"level":"error","message":"Failed to reach URL https://offline.scentronix.com: Hostname/IP does not match certificate's altnames: Host: offline.scentronix.com. is not in the cert's altnames: DNS:*.netlify.app, DNS:netlify.app","service":"url-checker-service","timestamp":"2024-08-16T04:07:42.542Z"}
{"level":"error","message":"Failed to reach URL https://does-not-work.perfume.new: getaddrinfo ENOTFOUND does-not-work.perfume.new","service":"url-checker-service","timestamp":"2024-08-16T04:09:39.683Z"}
{"level":"error","message":"Failed to reach URL https://doesnt-work.github.com: Request failed with status code 404","service":"url-checker-service","timestamp":"2024-08-16T04:09:39.924Z"}
{"level":"error","message":"Failed to reach URL https://offline.scentronix.com: Hostname/IP does not match certificate's altnames: Host: offline.scentronix.com. is not in the cert's altnames: DNS:*.netlify.app, DNS:netlify.app","service":"url-checker-service","timestamp":"2024-08-16T04:09:40.151Z"}
{"level":"error","message":"Failed to reach URL https://does-not-work.perfume.new: getaddrinfo ENOTFOUND does-not-work.perfume.new","service":"url-checker-service","timestamp":"2024-08-16T04:11:27.370Z"}
{"level":"error","message":"Failed to reach URL https://doesnt-work.github.com: Request failed with status code 404","service":"url-checker-service","timestamp":"2024-08-16T04:11:27.578Z"}
{"level":"error","message":"Failed to reach URL https://offline.scentronix.com: Hostname/IP does not match certificate's altnames: Host: offline.scentronix.com. is not in the cert's altnames: DNS:*.netlify.app, DNS:netlify.app","service":"url-checker-service","timestamp":"2024-08-16T04:11:27.775Z"}
{"level":"error","message":"Failed to reach URL https://does-not-work.perfume.new: getaddrinfo ENOTFOUND does-not-work.perfume.new","service":"url-checker-service","timestamp":"2024-08-16T04:11:32.462Z"}
{"level":"error","message":"Failed to reach URL https://doesnt-work.github.com: Request failed with status code 404","service":"url-checker-service","timestamp":"2024-08-16T04:11:32.527Z"}
{"level":"error","message":"Failed to reach URL https://offline.scentronix.com: Hostname/IP does not match certificate's altnames: Host: offline.scentronix.com. is not in the cert's altnames: DNS:*.netlify.app, DNS:netlify.app","service":"url-checker-service","timestamp":"2024-08-16T04:11:32.783Z"}
{"level":"error","message":"400 - Priority must be a number - /api/urls/reachable/f - POST - ::1","service":"url-checker-service","timestamp":"2024-08-16T04:11:51.955Z"}
{"level":"error","message":"Failed to reach URL https://does-not-work.perfume.new: getaddrinfo ENOTFOUND does-not-work.perfume.new","service":"url-checker-service","timestamp":"2024-08-16T04:12:30.430Z"}
{"level":"error","message":"Failed to reach URL https://doesnt-work.github.com: Request failed with status code 404","service":"url-checker-service","timestamp":"2024-08-16T04:12:30.624Z"}
{"level":"error","message":"Failed to reach URL https://offline.scentronix.com: Hostname/IP does not match certificate's altnames: Host: offline.scentronix.com. is not in the cert's altnames: DNS:*.netlify.app, DNS:netlify.app","service":"url-checker-service","timestamp":"2024-08-16T04:12:30.818Z"}
{"level":"error","message":"Failed to reach URL https://does-not-work.perfume.new: getaddrinfo ENOTFOUND does-not-work.perfume.new","service":"url-checker-service","timestamp":"2024-08-16T04:13:46.033Z"}
{"level":"error","message":"Failed to reach URL https://doesnt-work.github.com: Request failed with status code 404","service":"url-checker-service","timestamp":"2024-08-16T04:13:46.296Z"}
{"level":"error","message":"Failed to reach URL https://offline.scentronix.com: Hostname/IP does not match certificate's altnames: Host: offline.scentronix.com. is not in the cert's altnames: DNS:*.netlify.app, DNS:netlify.app","service":"url-checker-service","timestamp":"2024-08-16T04:13:46.451Z"}
{"level":"error","message":"Failed to reach URL https://does-not-work.perfume.new: getaddrinfo ENOTFOUND does-not-work.perfume.new","service":"url-checker-service","timestamp":"2024-08-16T04:14:47.328Z"}
{"level":"error","message":"Failed to reach URL https://doesnt-work.github.com: Request failed with status code 404","service":"url-checker-service","timestamp":"2024-08-16T04:14:47.517Z"}
{"level":"error","message":"Failed to reach URL https://offline.scentronix.com: Hostname/IP does not match certificate's altnames: Host: offline.scentronix.com. is not in the cert's altnames: DNS:*.netlify.app, DNS:netlify.app","service":"url-checker-service","timestamp":"2024-08-16T04:14:47.712Z"}
{"level":"error","message":"400 - Priority must be a number - /api/urls/reachable/not-a-number - POST - ::ffff:127.0.0.1","service":"url-checker-service","timestamp":"2024-08-16T04:16:31.097Z"}
{"level":"error","message":"Failed to reach URL https://does-not-work.perfume.new: getaddrinfo ENOTFOUND does-not-work.perfume.new","service":"url-checker-service","timestamp":"2024-08-16T04:32:28.851Z"}
{"level":"error","message":"Failed to reach URL https://doesnt-work.github.com: Request failed with status code 404","service":"url-checker-service","timestamp":"2024-08-16T04:32:28.859Z"}
{"level":"error","message":"Failed to reach URL https://offline.scentronix.com: Hostname/IP does not match certificate's altnames: Host: offline.scentronix.com. is not in the cert's altnames: DNS:*.netlify.app, DNS:netlify.app","service":"url-checker-service","timestamp":"2024-08-16T04:32:29.236Z"}
{"level":"error","message":"Failed to reach URL https://github.com: timeout of 5000ms exceeded","service":"url-checker-service","timestamp":"2024-08-16T04:32:33.548Z"}
